6038
7028
9531
9903
6238
6744
6218
7143
9691
6904
9926
5867
9786
9830
9729
9577
9103
6907
9631
9524
9826
9975
6201
6145
9559
15560
9932
9102
9914
1622
6102
9730
14313
470
9532
9602
9910
9058
9897
9755
6149
8243
9950
9670
9942
531
9733
9666
9925
6074
7268
9832
9629
9714
6107
9972
8365
14314
6963
9827
6128
7202
6022
7349
9976
9581
9616
9556
9437
5023
1002
7130
9658
6986
7177
9615
7203
9408
9780
9069
9690
9382
9085
4857
9590
9930
8386
9846
9509
6806
7147
7356
7025
8214
7566
9828
2285
6150
6109
9588
