2191
9880
9995
10002
9887
9515
9134
728
9352
9412
7033
1166
6041
8357
9804
7314
5831
6923
9402
9638
1006
9622
6238
9809
9808
9590
2239
9971
6919
9312
1741
9721
9455
9966
8171
5210
6184
9526
7333
9099
7373
9814
5249
6017
9839
6908
6922
10015
9697
6924
9868
6020
9639
6901
9851
9794
6740
7471
1757
6023
5395
9106
9405
9963
1070
868
10022
7383
9743
7342
7387
6172
9926
8351
2159
6148
9709
9592
265
9915
9772
14313
5165
9578
6413
9779
9548
7107
6025
1835
6188
9983
7350
6145
9561
9608
9965
9621
8258
6814
